c:\users\dani\desktop\bombermanambenemics1\damas\debug\vc140.pdb
c:\users\dani\desktop\bombermanambenemics1\damas\debug\vc140.idb
c:\users\dani\desktop\bombermanambenemics1\damas\debug\bomba.obj
c:\users\dani\desktop\bombermanambenemics1\damas\debug\damas.obj
c:\users\dani\desktop\bombermanambenemics1\damas\debug\escenari.obj
c:\users\dani\desktop\bombermanambenemics1\damas\debug\joc.obj
c:\users\dani\desktop\bombermanambenemics1\damas\debug\debug.obj
c:\users\dani\desktop\bombermanambenemics1\damas\debug\image_png.obj
c:\users\dani\desktop\bombermanambenemics1\damas\debug\keyboard.obj
c:\users\dani\desktop\bombermanambenemics1\damas\debug\mouse.obj
c:\users\dani\desktop\bombermanambenemics1\damas\debug\sound.obj
c:\users\dani\desktop\bombermanambenemics1\damas\debug\sprites.obj
c:\users\dani\desktop\bombermanambenemics1\damas\debug\stb_vorbis.obj
c:\users\dani\desktop\bombermanambenemics1\damas\debug\video.obj
c:\users\dani\desktop\bombermanambenemics1\damas\debug\menu.obj
c:\users\dani\desktop\bombermanambenemics1\damas\debug\enemics.obj
c:\users\dani\desktop\bombermanambenemics1\damas\debug\moviment.obj
c:\users\dani\desktop\bombermanambenemics1\damas\debug\personatge.obj
c:\users\pol garcia\desktop\pol\uni\mp\projectedemp\bombermancasifinal\damas\debug\vc140.pdb
c:\users\pol garcia\desktop\pol\uni\mp\projectedemp\bombermancasifinal\damas\debug\vc140.idb
c:\users\pol garcia\desktop\pol\uni\mp\projectedemp\bombermancasifinal\damas\debug\bomba.obj
c:\users\pol garcia\desktop\pol\uni\mp\projectedemp\bombermancasifinal\damas\debug\damas.obj
c:\users\pol garcia\desktop\pol\uni\mp\projectedemp\bombermancasifinal\damas\debug\escenari.obj
c:\users\pol garcia\desktop\pol\uni\mp\projectedemp\bombermancasifinal\damas\debug\debug.obj
c:\users\pol garcia\desktop\pol\uni\mp\projectedemp\bombermancasifinal\damas\debug\image_png.obj
c:\users\pol garcia\desktop\pol\uni\mp\projectedemp\bombermancasifinal\damas\debug\keyboard.obj
c:\users\pol garcia\desktop\pol\uni\mp\projectedemp\bombermancasifinal\damas\debug\mouse.obj
c:\users\pol garcia\desktop\pol\uni\mp\projectedemp\bombermancasifinal\damas\debug\sound.obj
c:\users\pol garcia\desktop\pol\uni\mp\projectedemp\bombermancasifinal\damas\debug\sprites.obj
c:\users\pol garcia\desktop\pol\uni\mp\projectedemp\bombermancasifinal\damas\debug\stb_vorbis.obj
c:\users\pol garcia\desktop\pol\uni\mp\projectedemp\bombermancasifinal\damas\debug\video.obj
c:\users\pol garcia\desktop\pol\uni\mp\projectedemp\bombermancasifinal\damas\debug\menu.obj
c:\users\pol garcia\desktop\pol\uni\mp\projectedemp\bombermancasifinal\damas\debug\enemics.obj
c:\users\pol garcia\desktop\pol\uni\mp\projectedemp\bombermancasifinal\damas\debug\moviment.obj
c:\users\pol garcia\desktop\pol\uni\mp\projectedemp\bombermancasifinal\damas\debug\personatge.obj
c:\users\pol garcia\desktop\pol\uni\mp\projectedemp\bombermancasifinal\damas\debug\joc.obj
c:\users\dani\desktop\bombermanambenemics1\program\damas.ilk
c:\users\dani\desktop\bombermanambenemics1\program\damas.exe
c:\users\dani\desktop\bombermanambenemics1\program\damas.pdb
c:\users\pol garcia\desktop\pol\uni\mp\projectedemp\bombermancasifinal\damas\debug\partida.obj
c:\users\pol garcia\desktop\pol\uni\mp\projectedemp\bombermancasifinal\damas\debug\damas.obj.enc
c:\users\pol garcia\desktop\pol\uni\mp\projectedemp\bombermancasifinal\damas\debug\escenari.obj.enc
c:\users\pol garcia\desktop\pol\uni\mp\projectedemp\bombermancasifinal\damas\debug\joc.obj.enc
c:\users\pol garcia\desktop\pol\uni\mp\projectedemp\bombermancasifinal\damas\debug\moviment.obj.enc
c:\users\pol garcia\desktop\pol\uni\mp\projectedemp\bombermancasifinal\damas\debug\vc141.idb
c:\users\pol garcia\desktop\pol\uni\mp\projectedemp\bombermancasifinal\damas\debug\vc141.pdb
c:\users\pol garcia\desktop\pol\uni\mp\projectedemp\bombermancasifinal\\program\damas.pdb
c:\users\pol garcia\desktop\pol\uni\mp\projectedemp\bombermancasifinal\damas\debug\damas.tlog\cl.command.1.tlog
c:\users\pol garcia\desktop\pol\uni\mp\projectedemp\bombermancasifinal\damas\debug\damas.tlog\cl.read.1.tlog
c:\users\pol garcia\desktop\pol\uni\mp\projectedemp\bombermancasifinal\damas\debug\damas.tlog\cl.write.1.tlog
c:\users\pol garcia\desktop\pol\uni\mp\projectedemp\bombermancasifinal\damas\debug\damas.tlog\link-cvtres.read.1.tlog
c:\users\pol garcia\desktop\pol\uni\mp\projectedemp\bombermancasifinal\damas\debug\damas.tlog\link-cvtres.write.1.tlog
c:\users\pol garcia\desktop\pol\uni\mp\projectedemp\bombermancasifinal\damas\debug\damas.tlog\link-rc.read.1.tlog
c:\users\pol garcia\desktop\pol\uni\mp\projectedemp\bombermancasifinal\damas\debug\damas.tlog\link-rc.write.1.tlog
c:\users\pol garcia\desktop\pol\uni\mp\projectedemp\bombermancasifinal\damas\debug\damas.tlog\link.command.1.tlog
c:\users\pol garcia\desktop\pol\uni\mp\projectedemp\bombermancasifinal\damas\debug\damas.tlog\link.delete.1.tlog
c:\users\pol garcia\desktop\pol\uni\mp\projectedemp\bombermancasifinal\damas\debug\damas.tlog\link.read.1.tlog
c:\users\pol garcia\desktop\pol\uni\mp\projectedemp\bombermancasifinal\damas\debug\damas.tlog\link.write.1.tlog
